<?xml version="1.0" encoding="UTF-8"?>
<!-- Generated by org.testng.reporters.JUnitReportReporter -->
<testsuite hostname="Mypc" name="testNG.BasicAnnotationEg" tests="3" failures="0" timestamp="3 May 2017 14:12:12 GMT" time="0.064" errors="0">
  <testcase name="function1" time="0.035" classname="testNG.BasicAnnotationEg"/>
  <testcase name="function2" time="0.015" classname="testNG.BasicAnnotationEg"/>
  <testcase name="a" time="0.014" classname="testNG.BasicAnnotationEg"/>
</testsuite> <!-- testNG.BasicAnnotationEg -->
