<?xml version="1.0" encoding="UTF-8"?>
<!-- Generated by org.testng.reporters.JUnitReportReporter -->
<testsuite hostname="Mypc" name="testNG.UserregTest" tests="1" failures="0" timestamp="4 May 2017 14:03:49 GMT" time="8.436" errors="0">
  <testcase name="org_Userreg" time="8.436" classname="testNG.UserregTest"/>
</testsuite> <!-- testNG.UserregTest -->
