<?xml version="1.0" encoding="UTF-8"?>
<!-- Generated by org.testng.reporters.JUnitReportReporter -->
<testsuite hostname="Mypc" name="testNG.PrimusBAnkLoginEg" tests="1" failures="0" timestamp="3 May 2017 14:22:29 GMT" time="6.544" errors="0">
  <testcase name="app_Login" time="6.544" classname="testNG.PrimusBAnkLoginEg"/>
</testsuite> <!-- testNG.PrimusBAnkLoginEg -->
