<?xml version="1.0" encoding="UTF-8"?>
<!-- Generated by org.testng.reporters.JUnitReportReporter -->
<testsuite hostname="Mypc" name="pom.LoginTest" tests="1" failures="0" timestamp="8 May 2017 14:02:18 GMT" time="12.426" errors="0">
  <testcase name="login" time="12.426" classname="pom.LoginTest"/>
</testsuite> <!-- pom.LoginTest -->
