<?xml version="1.0" encoding="UTF-8"?>
<!-- Generated by org.testng.reporters.JUnitReportReporter -->
<testsuite hostname="Mypc" name="testNG.EmpregTest" tests="3" failures="0" timestamp="4 May 2017 14:11:33 GMT" time="14.989" errors="0">
  <testcase name="org_Empeg" time="5.462" classname="testNG.EmpregTest"/>
  <testcase name="org_Empeg" time="4.604" classname="testNG.EmpregTest"/>
  <testcase name="org_Empeg" time="4.923" classname="testNG.EmpregTest"/>
</testsuite> <!-- testNG.EmpregTest -->
